{"total": {"lines":{"total":2149,"covered":1653,"skipped":0,"pct":76.91},"statements":{"total":2149,"covered":1653,"skipped":0,"pct":76.91},"functions":{"total":110,"covered":56,"skipped":0,"pct":50.9},"branches":{"total":251,"covered":156,"skipped":0,"pct":62.15},"branchesTrue":{"total":0,"covered":0,"skipped":0,"pct":100}}
,"E:\\assigment\\fifa\\frontend\\src\\components\\accessibility\\AccessibilityPanel.tsx": {"lines":{"total":103,"covered":103,"skipped":0,"pct":100},"functions":{"total":3,"covered":3,"skipped":0,"pct":100},"statements":{"total":103,"covered":103,"skipped":0,"pct":100},"branches":{"total":32,"covered":26,"skipped":0,"pct":81.25}}
,"E:\\assigment\\fifa\\frontend\\src\\components\\ui\\Badge.tsx": {"lines":{"total":14,"covered":14,"skipped":0,"pct":100},"functions":{"total":1,"covered":1,"skipped":0,"pct":100},"statements":{"total":14,"covered":14,"skipped":0,"pct":100},"branches":{"total":1,"covered":1,"skipped":0,"pct":100}}
,"E:\\assigment\\fifa\\frontend\\src\\components\\ui\\Button.tsx": {"lines":{"total":20,"covered":20,"skipped":0,"pct":100},"functions":{"total":1,"covered":1,"skipped":0,"pct":100},"statements":{"total":20,"covered":20,"skipped":0,"pct":100},"branches":{"total":3,"covered":3,"skipped":0,"pct":100}}
,"E:\\assigment\\fifa\\frontend\\src\\components\\ui\\Card.tsx": {"lines":{"total":10,"covered":9,"skipped":0,"pct":90},"functions":{"total":1,"covered":1,"skipped":0,"pct":100},"statements":{"total":10,"covered":9,"skipped":0,"pct":90},"branches":{"total":2,"covered":1,"skipped":0,"pct":50}}
,"E:\\assigment\\fifa\\frontend\\src\\components\\ui\\Modal.tsx": {"lines":{"total":56,"covered":47,"skipped":0,"pct":83.92},"functions":{"total":2,"covered":1,"skipped":0,"pct":50},"statements":{"total":56,"covered":47,"skipped":0,"pct":83.92},"branches":{"total":13,"covered":11,"skipped":0,"pct":84.61}}
,"E:\\assigment\\fifa\\frontend\\src\\components\\ui\\Spinner.tsx": {"lines":{"total":14,"covered":14,"skipped":0,"pct":100},"functions":{"total":1,"covered":1,"skipped":0,"pct":100},"statements":{"total":14,"covered":14,"skipped":0,"pct":100},"branches":{"total":2,"covered":1,"skipped":0,"pct":50}}
,"E:\\assigment\\fifa\\frontend\\src\\components\\ui\\Toast.tsx": {"lines":{"total":29,"covered":29,"skipped":0,"pct":100},"functions":{"total":2,"covered":1,"skipped":0,"pct":50},"statements":{"total":29,"covered":29,"skipped":0,"pct":100},"branches":{"total":6,"covered":4,"skipped":0,"pct":66.66}}
,"E:\\assigment\\fifa\\frontend\\src\\context\\ToastContext.tsx": {"lines":{"total":14,"covered":14,"skipped":0,"pct":100},"functions":{"total":4,"covered":2,"skipped":0,"pct":50},"statements":{"total":14,"covered":14,"skipped":0,"pct":100},"branches":{"total":4,"covered":4,"skipped":0,"pct":100}}
,"E:\\assigment\\fifa\\frontend\\src\\hooks\\useCrowdDensity.ts": {"lines":{"total":8,"covered":8,"skipped":0,"pct":100},"functions":{"total":1,"covered":1,"skipped":0,"pct":100},"statements":{"total":8,"covered":8,"skipped":0,"pct":100},"branches":{"total":1,"covered":1,"skipped":0,"pct":100}}
,"E:\\assigment\\fifa\\frontend\\src\\hooks\\useIncidents.ts": {"lines":{"total":15,"covered":9,"skipped":0,"pct":60},"functions":{"total":2,"covered":1,"skipped":0,"pct":50},"statements":{"total":15,"covered":9,"skipped":0,"pct":60},"branches":{"total":1,"covered":1,"skipped":0,"pct":100}}
,"E:\\assigment\\fifa\\frontend\\src\\hooks\\useNavRoute.ts": {"lines":{"total":11,"covered":5,"skipped":0,"pct":45.45},"functions":{"total":2,"covered":1,"skipped":0,"pct":50},"statements":{"total":11,"covered":5,"skipped":0,"pct":45.45},"branches":{"total":1,"covered":1,"skipped":0,"pct":100}}
,"E:\\assigment\\fifa\\frontend\\src\\hooks\\useRecommendations.ts": {"lines":{"total":8,"covered":8,"skipped":0,"pct":100},"functions":{"total":1,"covered":1,"skipped":0,"pct":100},"statements":{"total":8,"covered":8,"skipped":0,"pct":100},"branches":{"total":1,"covered":1,"skipped":0,"pct":100}}
,"E:\\assigment\\fifa\\frontend\\src\\hooks\\useSustainability.ts": {"lines":{"total":7,"covered":7,"skipped":0,"pct":100},"functions":{"total":2,"covered":2,"skipped":0,"pct":100},"statements":{"total":7,"covered":7,"skipped":0,"pct":100},"branches":{"total":2,"covered":2,"skipped":0,"pct":100}}
,"E:\\assigment\\fifa\\frontend\\src\\hooks\\useTransport.ts": {"lines":{"total":8,"covered":8,"skipped":0,"pct":100},"functions":{"total":1,"covered":1,"skipped":0,"pct":100},"statements":{"total":8,"covered":8,"skipped":0,"pct":100},"branches":{"total":1,"covered":1,"skipped":0,"pct":100}}
,"E:\\assigment\\fifa\\frontend\\src\\pages\\AnalyticsPage.tsx": {"lines":{"total":254,"covered":208,"skipped":0,"pct":81.88},"functions":{"total":4,"covered":3,"skipped":0,"pct":75},"statements":{"total":254,"covered":208,"skipped":0,"pct":81.88},"branches":{"total":15,"covered":14,"skipped":0,"pct":93.33}}
,"E:\\assigment\\fifa\\frontend\\src\\pages\\ChatPage.tsx": {"lines":{"total":153,"covered":85,"skipped":0,"pct":55.55},"functions":{"total":6,"covered":2,"skipped":0,"pct":33.33},"statements":{"total":153,"covered":85,"skipped":0,"pct":55.55},"branches":{"total":17,"covered":5,"skipped":0,"pct":29.41}}
,"E:\\assigment\\fifa\\frontend\\src\\pages\\EvacuationPage.tsx": {"lines":{"total":113,"covered":92,"skipped":0,"pct":81.41},"functions":{"total":8,"covered":3,"skipped":0,"pct":37.5},"statements":{"total":113,"covered":92,"skipped":0,"pct":81.41},"branches":{"total":26,"covered":6,"skipped":0,"pct":23.07}}
,"E:\\assigment\\fifa\\frontend\\src\\pages\\Landing.tsx": {"lines":{"total":264,"covered":264,"skipped":0,"pct":100},"functions":{"total":5,"covered":1,"skipped":0,"pct":20},"statements":{"total":264,"covered":264,"skipped":0,"pct":100},"branches":{"total":12,"covered":5,"skipped":0,"pct":41.66}}
,"E:\\assigment\\fifa\\frontend\\src\\pages\\LoginPage.tsx": {"lines":{"total":118,"covered":78,"skipped":0,"pct":66.1},"functions":{"total":7,"covered":1,"skipped":0,"pct":14.28},"statements":{"total":118,"covered":78,"skipped":0,"pct":66.1},"branches":{"total":8,"covered":1,"skipped":0,"pct":12.5}}
,"E:\\assigment\\fifa\\frontend\\src\\pages\\PAPage.tsx": {"lines":{"total":258,"covered":179,"skipped":0,"pct":69.37},"functions":{"total":10,"covered":2,"skipped":0,"pct":20},"statements":{"total":258,"covered":179,"skipped":0,"pct":69.37},"branches":{"total":38,"covered":22,"skipped":0,"pct":57.89}}
,"E:\\assigment\\fifa\\frontend\\src\\pages\\ProfilePage.tsx": {"lines":{"total":70,"covered":67,"skipped":0,"pct":95.71},"functions":{"total":3,"covered":1,"skipped":0,"pct":33.33},"statements":{"total":70,"covered":67,"skipped":0,"pct":95.71},"branches":{"total":2,"covered":1,"skipped":0,"pct":50}}
,"E:\\assigment\\fifa\\frontend\\src\\pages\\VolunteerPage.tsx": {"lines":{"total":225,"covered":132,"skipped":0,"pct":58.66},"functions":{"total":8,"covered":3,"skipped":0,"pct":37.5},"statements":{"total":225,"covered":132,"skipped":0,"pct":58.66},"branches":{"total":21,"covered":15,"skipped":0,"pct":71.42}}
,"E:\\assigment\\fifa\\frontend\\src\\pages\\VolunteerRegisterPage.tsx": {"lines":{"total":100,"covered":91,"skipped":0,"pct":91},"functions":{"total":9,"covered":1,"skipped":0,"pct":11.11},"statements":{"total":100,"covered":91,"skipped":0,"pct":91},"branches":{"total":6,"covered":4,"skipped":0,"pct":66.66}}
,"E:\\assigment\\fifa\\frontend\\src\\pages\\WayfindingPage.tsx": {"lines":{"total":217,"covered":102,"skipped":0,"pct":47},"functions":{"total":6,"covered":1,"skipped":0,"pct":16.66},"statements":{"total":217,"covered":102,"skipped":0,"pct":47},"branches":{"total":13,"covered":3,"skipped":0,"pct":23.07}}
,"E:\\assigment\\fifa\\frontend\\src\\services\\analytics.ts": {"lines":{"total":3,"covered":3,"skipped":0,"pct":100},"functions":{"total":1,"covered":1,"skipped":0,"pct":100},"statements":{"total":3,"covered":3,"skipped":0,"pct":100},"branches":{"total":1,"covered":1,"skipped":0,"pct":100}}
,"E:\\assigment\\fifa\\frontend\\src\\services\\crowdDensity.ts": {"lines":{"total":2,"covered":2,"skipped":0,"pct":100},"functions":{"total":1,"covered":1,"skipped":0,"pct":100},"statements":{"total":2,"covered":2,"skipped":0,"pct":100},"branches":{"total":1,"covered":1,"skipped":0,"pct":100}}
,"E:\\assigment\\fifa\\frontend\\src\\services\\incidents.ts": {"lines":{"total":7,"covered":7,"skipped":0,"pct":100},"functions":{"total":2,"covered":2,"skipped":0,"pct":100},"statements":{"total":7,"covered":7,"skipped":0,"pct":100},"branches":{"total":2,"covered":2,"skipped":0,"pct":100}}
,"E:\\assigment\\fifa\\frontend\\src\\services\\navigation.ts": {"lines":{"total":7,"covered":7,"skipped":0,"pct":100},"functions":{"total":2,"covered":2,"skipped":0,"pct":100},"statements":{"total":7,"covered":7,"skipped":0,"pct":100},"branches":{"total":2,"covered":2,"skipped":0,"pct":100}}
,"E:\\assigment\\fifa\\frontend\\src\\services\\pa.ts": {"lines":{"total":8,"covered":8,"skipped":0,"pct":100},"functions":{"total":2,"covered":2,"skipped":0,"pct":100},"statements":{"total":8,"covered":8,"skipped":0,"pct":100},"branches":{"total":2,"covered":2,"skipped":0,"pct":100}}
,"E:\\assigment\\fifa\\frontend\\src\\services\\recommendations.ts": {"lines":{"total":2,"covered":2,"skipped":0,"pct":100},"functions":{"total":1,"covered":1,"skipped":0,"pct":100},"statements":{"total":2,"covered":2,"skipped":0,"pct":100},"branches":{"total":1,"covered":1,"skipped":0,"pct":100}}
,"E:\\assigment\\fifa\\frontend\\src\\services\\sustainability.ts": {"lines":{"total":3,"covered":3,"skipped":0,"pct":100},"functions":{"total":2,"covered":2,"skipped":0,"pct":100},"statements":{"total":3,"covered":3,"skipped":0,"pct":100},"branches":{"total":2,"covered":2,"skipped":0,"pct":100}}
,"E:\\assigment\\fifa\\frontend\\src\\services\\transport.ts": {"lines":{"total":3,"covered":3,"skipped":0,"pct":100},"functions":{"total":1,"covered":1,"skipped":0,"pct":100},"statements":{"total":3,"covered":3,"skipped":0,"pct":100},"branches":{"total":1,"covered":1,"skipped":0,"pct":100}}
,"E:\\assigment\\fifa\\frontend\\src\\services\\volunteer.ts": {"lines":{"total":13,"covered":13,"skipped":0,"pct":100},"functions":{"total":6,"covered":6,"skipped":0,"pct":100},"statements":{"total":13,"covered":13,"skipped":0,"pct":100},"branches":{"total":9,"covered":8,"skipped":0,"pct":88.88}}
,"E:\\assigment\\fifa\\frontend\\src\\services\\waitTimes.ts": {"lines":{"total":6,"covered":6,"skipped":0,"pct":100},"functions":{"total":1,"covered":1,"skipped":0,"pct":100},"statements":{"total":6,"covered":6,"skipped":0,"pct":100},"branches":{"total":1,"covered":1,"skipped":0,"pct":100}}
,"E:\\assigment\\fifa\\frontend\\src\\services\\wayfinding.ts": {"lines":{"total":6,"covered":6,"skipped":0,"pct":100},"functions":{"total":1,"covered":1,"skipped":0,"pct":100},"statements":{"total":6,"covered":6,"skipped":0,"pct":100},"branches":{"total":1,"covered":1,"skipped":0,"pct":100}}
}
