{"total": {"lines":{"total":2225,"covered":1747,"skipped":0,"pct":78.51},"statements":{"total":2225,"covered":1747,"skipped":0,"pct":78.51},"functions":{"total":117,"covered":63,"skipped":0,"pct":53.84},"branches":{"total":267,"covered":181,"skipped":0,"pct":67.79},"branchesTrue":{"total":0,"covered":0,"skipped":0,"pct":100}}
,"E:\\assigment\\fifa\\frontend\\src\\components\\accessibility\\AccessibilityPanel.tsx": {"lines":{"total":105,"covered":105,"skipped":0,"pct":100},"functions":{"total":3,"covered":3,"skipped":0,"pct":100},"statements":{"total":105,"covered":105,"skipped":0,"pct":100},"branches":{"total":32,"covered":26,"skipped":0,"pct":81.25}}
,"E:\\assigment\\fifa\\frontend\\src\\components\\ui\\Badge.tsx": {"lines":{"total":14,"covered":14,"skipped":0,"pct":100},"functions":{"total":1,"covered":1,"skipped":0,"pct":100},"statements":{"total":14,"covered":14,"skipped":0,"pct":100},"branches":{"total":1,"covered":1,"skipped":0,"pct":100}}
,"E:\\assigment\\fifa\\frontend\\src\\components\\ui\\Button.tsx": {"lines":{"total":20,"covered":20,"skipped":0,"pct":100},"functions":{"total":1,"covered":1,"skipped":0,"pct":100},"statements":{"total":20,"covered":20,"skipped":0,"pct":100},"branches":{"total":3,"covered":3,"skipped":0,"pct":100}}
,"E:\\assigment\\fifa\\frontend\\src\\components\\ui\\Card.tsx": {"lines":{"total":10,"covered":10,"skipped":0,"pct":100},"functions":{"total":1,"covered":1,"skipped":0,"pct":100},"statements":{"total":10,"covered":10,"skipped":0,"pct":100},"branches":{"total":3,"covered":3,"skipped":0,"pct":100}}
,"E:\\assigment\\fifa\\frontend\\src\\components\\ui\\Modal.tsx": {"lines":{"total":56,"covered":47,"skipped":0,"pct":83.92},"functions":{"total":2,"covered":1,"skipped":0,"pct":50},"statements":{"total":56,"covered":47,"skipped":0,"pct":83.92},"branches":{"total":13,"covered":11,"skipped":0,"pct":84.61}}
,"E:\\assigment\\fifa\\frontend\\src\\components\\ui\\Spinner.tsx": {"lines":{"total":14,"covered":14,"skipped":0,"pct":100},"functions":{"total":1,"covered":1,"skipped":0,"pct":100},"statements":{"total":14,"covered":14,"skipped":0,"pct":100},"branches":{"total":2,"covered":1,"skipped":0,"pct":50}}
,"E:\\assigment\\fifa\\frontend\\src\\components\\ui\\Toast.tsx": {"lines":{"total":29,"covered":29,"skipped":0,"pct":100},"functions":{"total":2,"covered":1,"skipped":0,"pct":50},"statements":{"total":29,"covered":29,"skipped":0,"pct":100},"branches":{"total":6,"covered":4,"skipped":0,"pct":66.66}}
,"E:\\assigment\\fifa\\frontend\\src\\components\\ui\\markdownComponents.tsx": {"lines":{"total":8,"covered":8,"skipped":0,"pct":100},"functions":{"total":5,"covered":3,"skipped":0,"pct":60},"statements":{"total":8,"covered":8,"skipped":0,"pct":100},"branches":{"total":3,"covered":3,"skipped":0,"pct":100}}
,"E:\\assigment\\fifa\\frontend\\src\\context\\ToastContext.tsx": {"lines":{"total":14,"covered":14,"skipped":0,"pct":100},"functions":{"total":4,"covered":2,"skipped":0,"pct":50},"statements":{"total":14,"covered":14,"skipped":0,"pct":100},"branches":{"total":4,"covered":4,"skipped":0,"pct":100}}
,"E:\\assigment\\fifa\\frontend\\src\\hooks\\useCrowdDensity.ts": {"lines":{"total":8,"covered":8,"skipped":0,"pct":100},"functions":{"total":1,"covered":1,"skipped":0,"pct":100},"statements":{"total":8,"covered":8,"skipped":0,"pct":100},"branches":{"total":1,"covered":1,"skipped":0,"pct":100}}
,"E:\\assigment\\fifa\\frontend\\src\\hooks\\useIncidents.ts": {"lines":{"total":15,"covered":15,"skipped":0,"pct":100},"functions":{"total":3,"covered":2,"skipped":0,"pct":66.66},"statements":{"total":15,"covered":15,"skipped":0,"pct":100},"branches":{"total":2,"covered":2,"skipped":0,"pct":100}}
,"E:\\assigment\\fifa\\frontend\\src\\hooks\\useNavRoute.ts": {"lines":{"total":11,"covered":11,"skipped":0,"pct":100},"functions":{"total":3,"covered":3,"skipped":0,"pct":100},"statements":{"total":11,"covered":11,"skipped":0,"pct":100},"branches":{"total":3,"covered":3,"skipped":0,"pct":100}}
,"E:\\assigment\\fifa\\frontend\\src\\hooks\\useRecommendations.ts": {"lines":{"total":8,"covered":8,"skipped":0,"pct":100},"functions":{"total":1,"covered":1,"skipped":0,"pct":100},"statements":{"total":8,"covered":8,"skipped":0,"pct":100},"branches":{"total":1,"covered":1,"skipped":0,"pct":100}}
,"E:\\assigment\\fifa\\frontend\\src\\hooks\\useSustainability.ts": {"lines":{"total":7,"covered":7,"skipped":0,"pct":100},"functions":{"total":2,"covered":2,"skipped":0,"pct":100},"statements":{"total":7,"covered":7,"skipped":0,"pct":100},"branches":{"total":2,"covered":2,"skipped":0,"pct":100}}
,"E:\\assigment\\fifa\\frontend\\src\\hooks\\useTransport.ts": {"lines":{"total":8,"covered":8,"skipped":0,"pct":100},"functions":{"total":1,"covered":1,"skipped":0,"pct":100},"statements":{"total":8,"covered":8,"skipped":0,"pct":100},"branches":{"total":1,"covered":1,"skipped":0,"pct":100}}
,"E:\\assigment\\fifa\\frontend\\src\\pages\\AnalyticsPage.tsx": {"lines":{"total":264,"covered":216,"skipped":0,"pct":81.81},"functions":{"total":4,"covered":3,"skipped":0,"pct":75},"statements":{"total":264,"covered":216,"skipped":0,"pct":81.81},"branches":{"total":15,"covered":14,"skipped":0,"pct":93.33}}
,"E:\\assigment\\fifa\\frontend\\src\\pages\\ChatPage.tsx": {"lines":{"total":153,"covered":87,"skipped":0,"pct":56.86},"functions":{"total":6,"covered":2,"skipped":0,"pct":33.33},"statements":{"total":153,"covered":87,"skipped":0,"pct":56.86},"branches":{"total":17,"covered":5,"skipped":0,"pct":29.41}}
,"E:\\assigment\\fifa\\frontend\\src\\pages\\EvacuationPage.tsx": {"lines":{"total":114,"covered":93,"skipped":0,"pct":81.57},"functions":{"total":8,"covered":3,"skipped":0,"pct":37.5},"statements":{"total":114,"covered":93,"skipped":0,"pct":81.57},"branches":{"total":27,"covered":6,"skipped":0,"pct":22.22}}
,"E:\\assigment\\fifa\\frontend\\src\\pages\\Landing.tsx": {"lines":{"total":317,"covered":317,"skipped":0,"pct":100},"functions":{"total":5,"covered":2,"skipped":0,"pct":40},"statements":{"total":317,"covered":317,"skipped":0,"pct":100},"branches":{"total":19,"covered":18,"skipped":0,"pct":94.73}}
,"E:\\assigment\\fifa\\frontend\\src\\pages\\LoginPage.tsx": {"lines":{"total":118,"covered":78,"skipped":0,"pct":66.1},"functions":{"total":7,"covered":1,"skipped":0,"pct":14.28},"statements":{"total":118,"covered":78,"skipped":0,"pct":66.1},"branches":{"total":8,"covered":1,"skipped":0,"pct":12.5}}
,"E:\\assigment\\fifa\\frontend\\src\\pages\\PAPage.tsx": {"lines":{"total":258,"covered":184,"skipped":0,"pct":71.31},"functions":{"total":10,"covered":2,"skipped":0,"pct":20},"statements":{"total":258,"covered":184,"skipped":0,"pct":71.31},"branches":{"total":39,"covered":26,"skipped":0,"pct":66.66}}
,"E:\\assigment\\fifa\\frontend\\src\\pages\\ProfilePage.tsx": {"lines":{"total":70,"covered":67,"skipped":0,"pct":95.71},"functions":{"total":3,"covered":1,"skipped":0,"pct":33.33},"statements":{"total":70,"covered":67,"skipped":0,"pct":95.71},"branches":{"total":2,"covered":1,"skipped":0,"pct":50}}
,"E:\\assigment\\fifa\\frontend\\src\\pages\\VolunteerPage.tsx": {"lines":{"total":227,"covered":134,"skipped":0,"pct":59.03},"functions":{"total":8,"covered":3,"skipped":0,"pct":37.5},"statements":{"total":227,"covered":134,"skipped":0,"pct":59.03},"branches":{"total":21,"covered":15,"skipped":0,"pct":71.42}}
,"E:\\assigment\\fifa\\frontend\\src\\pages\\VolunteerRegisterPage.tsx": {"lines":{"total":100,"covered":91,"skipped":0,"pct":91},"functions":{"total":9,"covered":1,"skipped":0,"pct":11.11},"statements":{"total":100,"covered":91,"skipped":0,"pct":91},"branches":{"total":6,"covered":4,"skipped":0,"pct":66.66}}
,"E:\\assigment\\fifa\\frontend\\src\\pages\\WayfindingPage.tsx": {"lines":{"total":217,"covered":102,"skipped":0,"pct":47},"functions":{"total":6,"covered":1,"skipped":0,"pct":16.66},"statements":{"total":217,"covered":102,"skipped":0,"pct":47},"branches":{"total":13,"covered":3,"skipped":0,"pct":23.07}}
,"E:\\assigment\\fifa\\frontend\\src\\services\\analytics.ts": {"lines":{"total":3,"covered":3,"skipped":0,"pct":100},"functions":{"total":1,"covered":1,"skipped":0,"pct":100},"statements":{"total":3,"covered":3,"skipped":0,"pct":100},"branches":{"total":1,"covered":1,"skipped":0,"pct":100}}
,"E:\\assigment\\fifa\\frontend\\src\\services\\crowdDensity.ts": {"lines":{"total":2,"covered":2,"skipped":0,"pct":100},"functions":{"total":1,"covered":1,"skipped":0,"pct":100},"statements":{"total":2,"covered":2,"skipped":0,"pct":100},"branches":{"total":1,"covered":1,"skipped":0,"pct":100}}
,"E:\\assigment\\fifa\\frontend\\src\\services\\incidents.ts": {"lines":{"total":7,"covered":7,"skipped":0,"pct":100},"functions":{"total":2,"covered":2,"skipped":0,"pct":100},"statements":{"total":7,"covered":7,"skipped":0,"pct":100},"branches":{"total":2,"covered":2,"skipped":0,"pct":100}}
,"E:\\assigment\\fifa\\frontend\\src\\services\\navigation.ts": {"lines":{"total":7,"covered":7,"skipped":0,"pct":100},"functions":{"total":2,"covered":2,"skipped":0,"pct":100},"statements":{"total":7,"covered":7,"skipped":0,"pct":100},"branches":{"total":2,"covered":2,"skipped":0,"pct":100}}
,"E:\\assigment\\fifa\\frontend\\src\\services\\pa.ts": {"lines":{"total":8,"covered":8,"skipped":0,"pct":100},"functions":{"total":2,"covered":2,"skipped":0,"pct":100},"statements":{"total":8,"covered":8,"skipped":0,"pct":100},"branches":{"total":2,"covered":2,"skipped":0,"pct":100}}
,"E:\\assigment\\fifa\\frontend\\src\\services\\recommendations.ts": {"lines":{"total":2,"covered":2,"skipped":0,"pct":100},"functions":{"total":1,"covered":1,"skipped":0,"pct":100},"statements":{"total":2,"covered":2,"skipped":0,"pct":100},"branches":{"total":1,"covered":1,"skipped":0,"pct":100}}
,"E:\\assigment\\fifa\\frontend\\src\\services\\sustainability.ts": {"lines":{"total":3,"covered":3,"skipped":0,"pct":100},"functions":{"total":2,"covered":2,"skipped":0,"pct":100},"statements":{"total":3,"covered":3,"skipped":0,"pct":100},"branches":{"total":2,"covered":2,"skipped":0,"pct":100}}
,"E:\\assigment\\fifa\\frontend\\src\\services\\transport.ts": {"lines":{"total":3,"covered":3,"skipped":0,"pct":100},"functions":{"total":1,"covered":1,"skipped":0,"pct":100},"statements":{"total":3,"covered":3,"skipped":0,"pct":100},"branches":{"total":1,"covered":1,"skipped":0,"pct":100}}
,"E:\\assigment\\fifa\\frontend\\src\\services\\volunteer.ts": {"lines":{"total":13,"covered":13,"skipped":0,"pct":100},"functions":{"total":6,"covered":6,"skipped":0,"pct":100},"statements":{"total":13,"covered":13,"skipped":0,"pct":100},"branches":{"total":9,"covered":8,"skipped":0,"pct":88.88}}
,"E:\\assigment\\fifa\\frontend\\src\\services\\waitTimes.ts": {"lines":{"total":6,"covered":6,"skipped":0,"pct":100},"functions":{"total":1,"covered":1,"skipped":0,"pct":100},"statements":{"total":6,"covered":6,"skipped":0,"pct":100},"branches":{"total":1,"covered":1,"skipped":0,"pct":100}}
,"E:\\assigment\\fifa\\frontend\\src\\services\\wayfinding.ts": {"lines":{"total":6,"covered":6,"skipped":0,"pct":100},"functions":{"total":1,"covered":1,"skipped":0,"pct":100},"statements":{"total":6,"covered":6,"skipped":0,"pct":100},"branches":{"total":1,"covered":1,"skipped":0,"pct":100}}
}
