TN:
SF:src\components\accessibility\AccessibilityPanel.tsx
FN:43,AccessibilityPanel
FN:48,loadElevatorStatus
FN:55,loadAiRoute
FNF:3
FNH:3
FNDA:8,AccessibilityPanel
FNDA:3,loadElevatorStatus
FNDA:1,loadAiRoute
DA:1,1
DA:34,1
DA:35,1
DA:36,1
DA:37,1
DA:38,1
DA:39,1
DA:40,1
DA:41,1
DA:43,1
DA:44,8
DA:45,8
DA:46,8
DA:48,8
DA:49,3
DA:50,3
DA:51,3
DA:52,3
DA:53,3
DA:55,8
DA:56,1
DA:57,1
DA:58,1
DA:59,1
DA:60,1
DA:61,1
DA:62,1
DA:63,1
DA:64,1
DA:65,1
DA:67,8
DA:69,8
DA:71,8
DA:72,8
DA:73,8
DA:74,8
DA:75,8
DA:76,8
DA:77,8
DA:78,8
DA:79,8
DA:80,8
DA:81,8
DA:82,8
DA:83,8
DA:84,8
DA:86,8
DA:87,8
DA:88,8
DA:89,8
DA:90,8
DA:91,8
DA:92,8
DA:93,8
DA:94,8
DA:95,8
DA:96,8
DA:99,8
DA:100,1
DA:101,1
DA:102,1
DA:103,2
DA:104,2
DA:105,2
DA:106,2
DA:107,2
DA:108,2
DA:109,1
DA:110,1
DA:114,8
DA:115,1
DA:116,1
DA:117,1
DA:118,1
DA:119,1
DA:120,1
DA:121,1
DA:122,1
DA:123,1
DA:124,1
DA:125,1
DA:126,1
DA:127,1
DA:129,1
DA:130,1
DA:131,1
DA:132,1
DA:135,8
DA:136,8
DA:137,8
DA:138,48
DA:139,48
DA:140,48
DA:141,48
DA:142,8
DA:143,8
DA:145,8
DA:146,8
DA:147,8
DA:148,6
DA:150,6
DA:152,8
DA:153,8
DA:154,8
DA:156,8
LF:105
LH:105
BRDA:43,0,0,8
BRDA:79,1,0,1
BRDA:79,2,0,7
BRDA:80,3,0,1
BRDA:80,4,0,7
BRDA:87,5,0,4
BRDA:87,6,0,4
BRDA:90,7,0,0
BRDA:99,8,0,1
BRDA:114,9,0,1
BRDA:146,10,0,0
BRDA:147,11,0,7
BRDA:147,12,0,6
BRDA:152,13,0,1
BRDA:48,14,0,3
BRDA:52,15,0,0
BRDA:55,16,0,1
BRDA:63,17,0,0
BRDA:67,18,0,3
BRDA:69,19,0,2
BRDA:80,20,0,2
BRDA:102,21,0,2
BRDA:104,22,0,0
BRDA:105,23,0,1
BRDA:105,24,0,1
BRDA:106,25,0,1
BRDA:106,26,0,1
BRDA:122,27,0,1
BRDA:124,28,0,1
BRDA:124,29,0,1
BRDA:137,30,0,48
BRDA:139,31,0,0
BRF:32
BRH:26
end_of_record
TN:
SF:src\components\ui\Badge.tsx
FN:9,Badge
FNF:1
FNH:1
FNDA:69,Badge
DA:1,1
DA:9,1
DA:10,69
DA:11,69
DA:12,69
DA:13,69
DA:14,69
DA:15,69
DA:16,69
DA:17,69
DA:18,69
DA:19,69
DA:20,69
DA:22,69
LF:14
LH:14
BRDA:9,0,0,69
BRF:1
BRH:1
end_of_record
TN:
SF:src\components\ui\Button.tsx
FN:11,Button
FNF:1
FNH:1
FNDA:31,Button
DA:1,1
DA:11,1
DA:12,31
DA:13,31
DA:14,31
DA:15,31
DA:16,31
DA:17,31
DA:18,31
DA:19,31
DA:20,31
DA:21,31
DA:22,31
DA:23,31
DA:24,31
DA:25,31
DA:26,31
DA:27,31
DA:28,31
DA:30,31
LF:20
LH:20
BRDA:11,0,0,31
BRDA:25,1,0,29
BRDA:26,2,0,1
BRF:3
BRH:3
end_of_record
TN:
SF:src\components\ui\Card.tsx
FN:8,Card
FNF:1
FNH:1
FNDA:11,Card
DA:1,1
DA:8,1
DA:9,11
DA:10,10
DA:11,1
DA:12,11
DA:13,11
DA:14,11
DA:15,11
DA:17,11
LF:10
LH:10
BRDA:8,0,0,11
BRDA:9,1,0,10
BRDA:10,2,0,1
BRF:3
BRH:3
end_of_record
TN:
SF:src\components\ui\Modal.tsx
FN:11,Modal
FN:55,onClick
FNF:2
FNH:1
FNDA:5,Modal
FNDA:0,onClick
DA:1,1
DA:11,1
DA:12,5
DA:13,5
DA:15,5
DA:16,1
DA:17,1
DA:18,0
DA:19,0
DA:20,0
DA:21,0
DA:22,0
DA:23,0
DA:24,0
DA:25,0
DA:26,0
DA:27,5
DA:29,5
DA:30,5
DA:31,4
DA:32,4
DA:33,4
DA:34,4
DA:35,3
DA:36,3
DA:37,3
DA:38,4
DA:39,4
DA:40,5
DA:41,5
DA:42,5
DA:43,5
DA:44,5
DA:45,5
DA:47,5
DA:49,4
DA:50,4
DA:51,4
DA:52,4
DA:53,4
DA:54,4
DA:55,4
DA:56,4
DA:57,4
DA:58,4
DA:60,4
DA:61,4
DA:62,4
DA:63,4
DA:64,4
DA:65,4
DA:66,4
DA:67,4
DA:68,4
DA:69,4
DA:70,4
LF:56
LH:47
BRDA:11,0,0,5
BRDA:47,1,0,1
BRDA:47,2,0,4
BRDA:15,3,0,1
BRDA:16,4,0,0
BRDA:17,5,0,0
BRDA:29,6,0,5
BRDA:30,7,0,4
BRDA:34,8,0,3
BRDA:35,9,0,2
BRDA:37,10,0,2
BRDA:40,11,0,5
BRDA:43,12,0,4
BRF:13
BRH:11
end_of_record
TN:
SF:src\components\ui\Spinner.tsx
FN:8,Spinner
FNF:1
FNH:1
FNDA:2,Spinner
DA:1,1
DA:6,1
DA:8,1
DA:9,2
DA:10,2
DA:11,2
DA:12,2
DA:13,2
DA:14,2
DA:15,2
DA:17,2
DA:18,2
DA:19,2
DA:21,2
LF:14
LH:14
BRDA:8,0,0,2
BRDA:12,1,0,0
BRF:2
BRH:1
end_of_record
TN:
SF:src\components\ui\Toast.tsx
FN:17,ToastContainer
FN:29,onClick
FNF:2
FNH:1
FNDA:3,ToastContainer
FNDA:0,onClick
DA:1,1
DA:3,1
DA:4,1
DA:5,1
DA:6,1
DA:7,1
DA:8,1
DA:10,1
DA:11,1
DA:12,1
DA:13,1
DA:14,1
DA:15,1
DA:17,1
DA:18,3
DA:19,3
DA:20,1
DA:21,1
DA:22,1
DA:23,1
DA:24,1
DA:25,1
DA:27,1
DA:28,1
DA:29,1
DA:30,1
DA:31,1
DA:32,1
DA:34,1
LF:29
LH:29
BRDA:17,0,0,3
BRDA:19,1,0,2
BRDA:19,2,0,1
BRDA:22,3,0,1
BRDA:25,4,0,0
BRDA:27,5,0,0
BRF:6
BRH:4
end_of_record
TN:
SF:src\components\ui\markdownComponents.tsx
FN:4,p
FN:5,strong
FN:6,ul
FN:7,ol
FN:8,li
FNF:5
FNH:3
FNDA:3,p
FNDA:1,strong
FNDA:0,ul
FNDA:0,ol
FNDA:1,li
DA:1,1
DA:3,1
DA:4,1
DA:5,1
DA:6,1
DA:7,1
DA:8,1
DA:9,1
LF:8
LH:8
BRDA:4,0,0,3
BRDA:5,1,0,1
BRDA:8,2,0,1
BRF:3
BRH:3
end_of_record
TN:
SF:src\context\ToastContext.tsx
FN:9,addToast
FN:9,removeToast
FN:11,ToastProvider
FN:22,useToast
FNF:4
FNH:2
FNDA:0,addToast
FNDA:0,removeToast
FNDA:3,ToastProvider
FNDA:6,useToast
DA:1,1
DA:5,1
DA:9,1
DA:11,1
DA:12,3
DA:13,3
DA:14,1
DA:15,1
DA:16,1
DA:17,3
DA:18,3
DA:19,3
DA:20,3
DA:22,1
LF:14
LH:14
BRDA:11,0,0,3
BRDA:13,1,0,1
BRDA:15,2,0,1
BRDA:22,3,0,6
BRF:4
BRH:4
end_of_record
TN:
SF:src\hooks\useCrowdDensity.ts
FN:4,useCrowdDensity
FNF:1
FNH:1
FNDA:2,useCrowdDensity
DA:1,1
DA:4,1
DA:5,2
DA:6,2
DA:7,2
DA:8,2
DA:9,2
DA:10,2
LF:8
LH:8
BRDA:4,0,0,2
BRF:1
BRH:1
end_of_record
TN:
SF:src\hooks\useIncidents.ts
FN:4,useIncidents
FN:12,useReportIncident
FN:16,onSuccess
FNF:3
FNH:2
FNDA:2,useIncidents
FNDA:1,useReportIncident
FNDA:0,onSuccess
DA:1,1
DA:4,1
DA:5,2
DA:6,2
DA:7,2
DA:8,2
DA:9,2
DA:10,2
DA:12,1
DA:13,1
DA:14,1
DA:15,1
DA:16,1
DA:17,1
DA:18,1
LF:15
LH:15
BRDA:4,0,0,2
BRDA:12,1,0,1
BRF:2
BRH:2
end_of_record
TN:
SF:src\hooks\useNavRoute.ts
FN:4,useVenueMap
FN:8,useRoute
FN:11,queryFn
FNF:3
FNH:3
FNDA:2,useVenueMap
FNDA:1,useRoute
FNDA:1,queryFn
DA:1,1
DA:4,1
DA:5,2
DA:6,2
DA:8,1
DA:9,1
DA:10,1
DA:11,1
DA:12,1
DA:13,1
DA:14,1
LF:11
LH:11
BRDA:4,0,0,2
BRDA:8,1,0,1
BRDA:11,2,0,1
BRF:3
BRH:3
end_of_record
TN:
SF:src\hooks\useRecommendations.ts
FN:4,useRecommendations
FNF:1
FNH:1
FNDA:2,useRecommendations
DA:1,1
DA:4,1
DA:5,2
DA:6,2
DA:7,2
DA:8,2
DA:9,2
DA:10,2
LF:8
LH:8
BRDA:4,0,0,2
BRF:1
BRH:1
end_of_record
TN:
SF:src\hooks\useSustainability.ts
FN:4,useStations
FN:8,useSustainabilityTip
FNF:2
FNH:2
FNDA:2,useStations
FNDA:2,useSustainabilityTip
DA:1,1
DA:4,1
DA:5,2
DA:6,2
DA:8,1
DA:9,2
DA:10,2
LF:7
LH:7
BRDA:4,0,0,2
BRDA:8,1,0,2
BRF:2
BRH:2
end_of_record
TN:
SF:src\hooks\useTransport.ts
FN:4,useTransport
FNF:1
FNH:1
FNDA:2,useTransport
DA:1,1
DA:4,1
DA:5,2
DA:6,2
DA:7,2
DA:8,2
DA:9,2
DA:10,2
LF:8
LH:8
BRDA:4,0,0,2
BRF:1
BRH:1
end_of_record
TN:
SF:src\pages\AnalyticsPage.tsx
FN:12,TrendIcon
FN:18,CrowdChart
FN:39,AnalyticsPage
FN:43,fetch
FNF:4
FNH:3
FNDA:0,TrendIcon
FNDA:1,CrowdChart
FNDA:3,AnalyticsPage
FNDA:1,fetch
DA:1,1
DA:12,0
DA:13,0
DA:14,0
DA:15,0
DA:16,0
DA:18,1
DA:19,1
DA:20,1
DA:21,1
DA:22,1
DA:23,0
DA:24,0
DA:25,0
DA:26,0
DA:28,0
DA:29,0
DA:30,0
DA:31,0
DA:32,0
DA:33,0
DA:34,1
DA:35,1
DA:37,1
DA:39,1
DA:40,3
DA:41,3
DA:43,3
DA:44,1
DA:45,1
DA:46,1
DA:47,1
DA:48,1
DA:49,1
DA:50,1
DA:52,3
DA:54,3
DA:55,3
DA:57,3
DA:60,3
DA:63,3
DA:65,3
DA:67,3
DA:68,3
DA:69,3
DA:70,3
DA:71,3
DA:72,3
DA:74,3
DA:75,3
DA:76,3
DA:77,3
DA:78,3
DA:79,3
DA:80,3
DA:82,3
DA:83,1
DA:85,1
DA:86,1
DA:87,1
DA:88,1
DA:89,1
DA:90,1
DA:91,1
DA:94,1
DA:95,1
DA:96,6
DA:97,6
DA:98,6
DA:99,6
DA:100,6
DA:101,6
DA:102,6
DA:103,6
DA:104,6
DA:105,6
DA:106,1
DA:107,1
DA:110,1
DA:111,1
DA:112,1
DA:113,1
DA:114,1
DA:115,1
DA:116,1
DA:117,12
DA:118,1
DA:119,1
DA:120,1
DA:123,1
DA:124,1
DA:125,1
DA:126,1
DA:127,1
DA:128,1
DA:129,1
DA:130,1
DA:131,1
DA:132,1
DA:133,1
DA:134,1
DA:135,1
DA:136,1
DA:137,4
DA:138,4
DA:139,4
DA:140,4
DA:141,4
DA:142,4
DA:143,4
DA:144,1
DA:145,1
DA:146,1
DA:149,1
DA:150,1
DA:151,4
DA:152,4
DA:153,4
DA:154,4
DA:155,4
DA:156,4
DA:157,4
DA:158,4
DA:159,1
DA:160,1
DA:163,1
DA:164,1
DA:165,1
DA:166,1
DA:167,1
DA:168,1
DA:169,1
DA:170,3
DA:171,3
DA:172,3
DA:173,3
DA:174,3
DA:175,3
DA:176,3
DA:177,1
DA:178,1
DA:179,1
DA:180,1
DA:183,3
DA:184,2
DA:186,2
DA:187,2
DA:188,2
DA:189,2
DA:190,2
DA:191,2
DA:192,2
DA:195,2
DA:196,2
DA:197,0
DA:198,0
DA:199,0
DA:200,0
DA:201,0
DA:202,0
DA:203,0
DA:204,0
DA:205,0
DA:206,0
DA:207,2
DA:208,2
DA:211,2
DA:212,2
DA:213,2
DA:215,2
DA:216,2
DA:217,2
DA:220,2
DA:221,2
DA:222,2
DA:224,2
DA:225,2
DA:226,2
DA:227,2
DA:228,2
DA:229,2
DA:230,2
DA:231,2
DA:232,2
DA:233,2
DA:234,2
DA:235,2
DA:236,2
DA:237,2
DA:238,0
DA:239,0
DA:240,0
DA:241,0
DA:242,0
DA:243,0
DA:244,0
DA:245,0
DA:246,0
DA:247,0
DA:248,0
DA:249,0
DA:250,0
DA:251,0
DA:252,0
DA:253,0
DA:254,0
DA:255,2
DA:256,2
DA:257,2
DA:258,2
DA:259,2
DA:262,2
DA:263,2
DA:264,2
DA:265,2
DA:266,2
DA:267,2
DA:268,2
DA:269,2
DA:270,2
DA:271,2
DA:272,2
DA:273,2
DA:274,2
DA:275,2
DA:276,2
DA:277,2
DA:278,2
DA:279,2
DA:280,2
DA:281,2
DA:282,2
DA:283,2
DA:284,2
DA:285,2
DA:286,2
DA:287,2
DA:288,2
DA:289,2
DA:290,2
DA:291,2
DA:292,2
DA:293,2
DA:294,2
DA:295,2
DA:298,2
DA:299,2
DA:300,2
DA:302,2
DA:303,2
DA:304,2
DA:305,0
DA:306,0
DA:307,0
DA:308,0
DA:309,0
DA:310,0
DA:311,2
DA:312,2
DA:313,2
DA:314,2
DA:316,3
DA:317,3
DA:319,3
LF:264
LH:216
BRDA:18,0,0,1
BRDA:39,1,0,3
BRDA:78,2,0,1
BRDA:78,3,0,2
BRDA:82,4,0,1
BRDA:183,5,0,2
BRDA:183,6,0,2
BRDA:43,7,0,1
BRDA:48,8,0,0
BRDA:52,9,0,1
BRDA:95,10,0,6
BRDA:116,11,0,12
BRDA:136,12,0,4
BRDA:150,13,0,4
BRDA:169,14,0,3
BRF:15
BRH:14
end_of_record
TN:
SF:src\pages\ChatPage.tsx
FN:20,ChatPage
FN:121,onSelect
FN:122,onNew
FN:123,onDelete
FN:150,onClick
FN:189,getGreeting
FNF:6
FNH:2
FNDA:1,ChatPage
FNDA:0,onSelect
FNDA:0,onNew
FNDA:0,onDelete
FNDA:0,onClick
FNDA:1,getGreeting
DA:1,1
DA:13,1
DA:14,1
DA:15,1
DA:16,1
DA:17,1
DA:18,1
DA:20,1
DA:21,1
DA:22,1
DA:23,1
DA:24,1
DA:25,1
DA:26,1
DA:27,1
DA:28,1
DA:29,1
DA:30,1
DA:31,1
DA:32,1
DA:33,1
DA:34,1
DA:35,1
DA:36,1
DA:38,1
DA:40,1
DA:41,1
DA:42,0
DA:43,0
DA:44,1
DA:46,1
DA:47,1
DA:48,1
DA:49,1
DA:51,1
DA:52,0
DA:53,0
DA:54,0
DA:56,0
DA:58,0
DA:59,0
DA:60,0
DA:61,0
DA:62,0
DA:63,0
DA:64,0
DA:65,0
DA:66,0
DA:67,0
DA:68,0
DA:70,0
DA:71,0
DA:72,0
DA:73,0
DA:74,0
DA:75,0
DA:76,0
DA:77,0
DA:78,0
DA:79,0
DA:81,0
DA:82,0
DA:83,0
DA:84,0
DA:85,0
DA:86,0
DA:87,0
DA:88,0
DA:89,0
DA:90,0
DA:91,0
DA:92,0
DA:93,0
DA:94,0
DA:95,0
DA:96,0
DA:97,0
DA:98,0
DA:99,1
DA:101,1
DA:102,1
DA:103,0
DA:104,0
DA:105,1
DA:107,1
DA:108,1
DA:110,1
DA:111,1
DA:113,1
DA:116,1
DA:117,1
DA:118,1
DA:119,1
DA:120,1
DA:121,1
DA:122,1
DA:123,1
DA:124,0
DA:125,0
DA:126,0
DA:127,1
DA:129,1
DA:131,1
DA:133,1
DA:134,1
DA:135,1
DA:137,1
DA:138,1
DA:139,1
DA:140,1
DA:142,1
DA:143,1
DA:144,1
DA:146,1
DA:147,1
DA:148,4
DA:149,4
DA:150,4
DA:151,4
DA:153,4
DA:154,4
DA:155,4
DA:156,1
DA:157,1
DA:158,1
DA:160,0
DA:161,0
DA:162,0
DA:163,0
DA:164,0
DA:165,0
DA:166,0
DA:167,0
DA:170,1
DA:171,0
DA:172,0
DA:173,0
DA:174,0
DA:175,0
DA:178,1
DA:179,0
DA:180,0
DA:181,0
DA:183,1
DA:184,1
DA:185,1
DA:187,1
DA:189,1
DA:190,1
DA:191,1
DA:192,1
DA:193,1
DA:194,1
LF:153
LH:87
BRDA:20,0,0,1
BRDA:47,1,0,0
BRDA:48,2,0,0
BRDA:48,3,0,0
BRDA:118,4,0,0
BRDA:138,5,0,0
BRDA:158,6,0,0
BRDA:170,7,0,0
BRDA:178,8,0,0
BRDA:38,9,0,1
BRDA:40,10,0,1
BRDA:41,11,0,0
BRDA:41,12,0,0
BRDA:147,13,0,4
BRDA:189,14,0,1
BRDA:191,15,0,0
BRDA:192,16,0,0
BRF:17
BRH:5
end_of_record
TN:
SF:src\pages\EvacuationPage.tsx
FN:26,EvacuationPage
FN:52,ws.onopen
FN:53,ws.onclose
FN:54,ws.onerror
FN:56,ws.onmessage
FN:131,onStart
FN:132,onStop
FN:133,onReset
FNF:8
FNH:3
FNDA:1,EvacuationPage
FNDA:0,ws.onopen
FNDA:1,ws.onclose
FNDA:1,ws.onerror
FNDA:0,ws.onmessage
FNDA:0,onStart
FNDA:0,onStop
FNDA:0,onReset
DA:1,1
DA:26,1
DA:27,1
DA:28,1
DA:29,1
DA:30,1
DA:31,1
DA:32,1
DA:33,1
DA:34,1
DA:35,1
DA:38,1
DA:39,1
DA:40,0
DA:41,1
DA:42,0
DA:43,0
DA:44,1
DA:46,1
DA:47,1
DA:48,1
DA:49,1
DA:50,1
DA:52,1
DA:53,1
DA:54,1
DA:56,1
DA:57,0
DA:58,0
DA:59,0
DA:60,0
DA:61,0
DA:62,0
DA:63,0
DA:64,0
DA:65,0
DA:66,0
DA:68,1
DA:69,1
DA:71,1
DA:72,0
DA:73,0
DA:74,0
DA:75,1
DA:77,1
DA:78,0
DA:79,0
DA:80,1
DA:82,1
DA:83,1
DA:85,1
DA:88,1
DA:90,1
DA:92,1
DA:93,1
DA:94,1
DA:95,1
DA:97,1
DA:98,1
DA:99,1
DA:101,1
DA:102,1
DA:103,1
DA:104,1
DA:105,1
DA:107,1
DA:108,1
DA:109,1
DA:110,1
DA:111,1
DA:112,1
DA:113,1
DA:114,1
DA:115,1
DA:116,1
DA:117,1
DA:119,1
DA:120,0
DA:121,0
DA:122,0
DA:124,1
DA:127,1
DA:128,1
DA:129,1
DA:130,1
DA:131,1
DA:132,1
DA:133,1
DA:134,1
DA:135,1
DA:137,1
DA:138,1
DA:139,1
DA:140,1
DA:141,1
DA:142,1
DA:143,1
DA:144,1
DA:145,1
DA:146,1
DA:148,1
DA:149,1
DA:150,1
DA:151,1
DA:152,1
DA:153,1
DA:154,1
DA:155,1
DA:156,1
DA:158,1
DA:159,1
DA:160,1
DA:161,1
DA:163,1
LF:114
LH:93
BRDA:26,0,0,1
BRDA:44,1,0,0
BRDA:44,2,0,0
BRDA:102,3,0,0
BRDA:103,4,0,0
BRDA:119,5,0,0
BRDA:119,6,0,0
BRDA:129,7,0,0
BRDA:149,8,0,0
BRDA:150,9,0,0
BRDA:151,10,0,0
BRDA:152,11,0,0
BRDA:153,12,0,0
BRDA:154,13,0,0
BRDA:155,14,0,0
BRDA:38,15,0,1
BRDA:39,16,0,0
BRDA:39,17,0,0
BRDA:39,18,0,0
BRDA:41,19,0,0
BRDA:41,20,0,0
BRDA:46,21,0,1
BRDA:47,22,0,0
BRDA:48,23,0,0
BRDA:53,24,0,1
BRDA:54,25,0,1
BRDA:68,26,0,1
BRF:27
BRH:6
end_of_record
TN:
SF:src\pages\Landing.tsx
FN:78,Landing
FN:132,onClick
FN:135,onClick
FN:317,onClick
FN:412,onClick
FNF:5
FNH:2
FNDA:5,Landing
FNDA:0,onClick
FNDA:0,onClick
FNDA:3,onClick
FNDA:0,onClick
DA:1,1
DA:27,1
DA:28,1
DA:29,1
DA:30,1
DA:31,1
DA:33,1
DA:34,1
DA:35,1
DA:36,1
DA:37,1
DA:38,1
DA:39,1
DA:40,1
DA:41,1
DA:42,1
DA:43,1
DA:44,1
DA:45,1
DA:46,1
DA:47,1
DA:48,1
DA:49,1
DA:50,1
DA:51,1
DA:52,1
DA:53,1
DA:54,1
DA:55,1
DA:56,1
DA:57,1
DA:58,1
DA:59,1
DA:60,1
DA:61,1
DA:62,1
DA:63,1
DA:64,1
DA:65,1
DA:66,1
DA:67,1
DA:68,1
DA:69,1
DA:70,1
DA:72,1
DA:73,1
DA:74,1
DA:75,1
DA:76,1
DA:78,1
DA:79,5
DA:80,5
DA:81,5
DA:82,5
DA:83,5
DA:84,5
DA:85,5
DA:86,5
DA:88,5
DA:89,5
DA:91,5
DA:94,5
DA:96,5
DA:99,5
DA:100,5
DA:101,5
DA:102,5
DA:105,5
DA:108,5
DA:109,5
DA:110,5
DA:111,5
DA:112,5
DA:113,5
DA:114,5
DA:115,5
DA:116,5
DA:117,5
DA:119,5
DA:121,5
DA:122,5
DA:124,5
DA:125,5
DA:127,5
DA:129,5
DA:131,5
DA:132,5
DA:133,5
DA:134,5
DA:135,5
DA:137,5
DA:138,5
DA:139,5
DA:142,5
DA:143,5
DA:144,15
DA:145,15
DA:146,15
DA:147,15
DA:148,15
DA:149,15
DA:150,15
DA:151,5
DA:152,5
DA:155,5
DA:156,5
DA:157,5
DA:158,5
DA:159,5
DA:160,5
DA:161,5
DA:162,5
DA:163,5
DA:164,5
DA:165,5
DA:166,5
DA:167,5
DA:168,5
DA:169,5
DA:170,5
DA:171,5
DA:172,5
DA:173,5
DA:175,5
DA:176,5
DA:185,5
DA:186,5
DA:189,5
DA:190,5
DA:191,5
DA:192,5
DA:194,5
DA:195,5
DA:197,5
DA:198,5
DA:201,5
DA:203,5
DA:204,5
DA:205,5
DA:206,5
DA:207,5
DA:208,5
DA:210,5
DA:211,5
DA:212,5
DA:213,5
DA:214,5
DA:215,5
DA:218,5
DA:219,5
DA:220,5
DA:221,5
DA:222,5
DA:223,5
DA:224,5
DA:225,5
DA:227,5
DA:228,5
DA:229,5
DA:230,5
DA:231,5
DA:232,5
DA:233,5
DA:234,5
DA:237,5
DA:238,5
DA:239,5
DA:240,5
DA:241,5
DA:242,5
DA:243,5
DA:245,5
DA:246,5
DA:247,5
DA:250,5
DA:251,5
DA:252,20
DA:253,20
DA:254,20
DA:255,20
DA:257,20
DA:258,20
DA:259,20
DA:260,20
DA:261,20
DA:262,20
DA:263,20
DA:264,20
DA:265,5
DA:266,5
DA:267,5
DA:270,5
DA:271,5
DA:272,5
DA:273,5
DA:274,5
DA:276,5
DA:277,5
DA:279,5
DA:280,5
DA:281,15
DA:282,15
DA:283,15
DA:284,15
DA:285,15
DA:286,15
DA:287,15
DA:288,15
DA:289,5
DA:290,5
DA:291,5
DA:292,5
DA:295,5
DA:296,5
DA:297,5
DA:298,5
DA:299,5
DA:301,5
DA:302,5
DA:304,5
DA:305,5
DA:308,5
DA:309,5
DA:310,5
DA:311,5
DA:312,5
DA:313,5
DA:314,5
DA:315,20
DA:316,20
DA:317,20
DA:318,20
DA:319,20
DA:320,5
DA:321,15
DA:322,20
DA:324,20
DA:325,20
DA:326,5
DA:327,5
DA:328,5
DA:331,5
DA:333,5
DA:334,5
DA:335,5
DA:336,5
DA:337,5
DA:338,5
DA:339,5
DA:340,5
DA:341,5
DA:342,5
DA:343,5
DA:344,5
DA:345,5
DA:346,5
DA:349,5
DA:350,5
DA:351,2
DA:352,2
DA:353,2
DA:354,2
DA:355,2
DA:356,2
DA:357,2
DA:358,2
DA:361,5
DA:362,1
DA:363,1
DA:364,1
DA:365,1
DA:366,1
DA:367,1
DA:368,1
DA:369,1
DA:372,5
DA:373,1
DA:374,1
DA:375,1
DA:376,1
DA:377,1
DA:378,1
DA:379,1
DA:380,1
DA:383,5
DA:384,1
DA:385,1
DA:386,1
DA:387,1
DA:388,1
DA:389,1
DA:390,1
DA:391,1
DA:393,5
DA:394,5
DA:395,5
DA:398,5
DA:399,5
DA:400,5
DA:401,5
DA:402,5
DA:403,5
DA:404,5
DA:405,5
DA:407,5
DA:408,5
DA:410,5
DA:411,5
DA:412,5
DA:413,5
DA:414,5
DA:415,5
DA:416,5
DA:417,5
DA:420,5
DA:421,5
DA:423,5
LF:317
LH:317
BRDA:78,0,0,5
BRDA:89,1,0,0
BRDA:133,2,0,0
BRDA:350,3,0,2
BRDA:361,4,0,1
BRDA:372,5,0,1
BRDA:383,6,0,1
BRDA:413,7,0,0
BRDA:143,8,0,15
BRDA:251,9,0,20
BRDA:254,10,0,0
BRDA:280,11,0,15
BRDA:314,12,0,20
BRDA:319,13,0,5
BRDA:320,14,0,15
BRDA:317,15,0,3
BRF:16
BRH:12
end_of_record
TN:
SF:src\pages\LoginPage.tsx
FN:8,LoginPage
FN:20,handleSubmit
FN:80,onChange
FN:91,onChange
FN:101,onChange
FN:125,onClick
FN:135,onClick
FNF:7
FNH:1
FNDA:1,LoginPage
FNDA:0,handleSubmit
FNDA:0,onChange
FNDA:0,onChange
FNDA:0,onChange
FNDA:0,onClick
FNDA:0,onClick
DA:1,1
DA:8,1
DA:9,1
DA:10,1
DA:11,1
DA:12,1
DA:13,1
DA:14,1
DA:15,1
DA:16,1
DA:18,1
DA:20,1
DA:21,0
DA:22,0
DA:23,0
DA:24,0
DA:25,0
DA:26,0
DA:27,0
DA:28,0
DA:29,0
DA:30,0
DA:31,0
DA:32,0
DA:33,0
DA:34,0
DA:35,0
DA:36,0
DA:37,0
DA:38,0
DA:40,1
DA:41,1
DA:43,1
DA:46,1
DA:47,1
DA:48,1
DA:49,1
DA:52,1
DA:53,1
DA:54,1
DA:56,1
DA:57,1
DA:60,1
DA:61,1
DA:62,1
DA:64,1
DA:65,1
DA:66,1
DA:67,1
DA:68,1
DA:69,1
DA:70,1
DA:71,1
DA:73,1
DA:74,1
DA:75,0
DA:76,0
DA:77,0
DA:78,0
DA:79,0
DA:80,0
DA:81,0
DA:82,0
DA:83,0
DA:84,0
DA:86,1
DA:87,1
DA:88,1
DA:89,1
DA:90,1
DA:91,1
DA:92,1
DA:93,1
DA:94,1
DA:95,1
DA:96,1
DA:97,1
DA:98,1
DA:99,1
DA:100,1
DA:101,1
DA:102,1
DA:103,1
DA:104,1
DA:105,1
DA:107,1
DA:108,0
DA:109,0
DA:110,0
DA:111,0
DA:114,1
DA:115,1
DA:116,1
DA:117,1
DA:119,1
DA:120,1
DA:121,1
DA:122,1
DA:123,1
DA:124,1
DA:125,1
DA:126,1
DA:127,1
DA:129,1
DA:130,1
DA:132,0
DA:133,0
DA:134,0
DA:135,0
DA:136,0
DA:137,0
DA:139,0
DA:140,0
DA:142,1
DA:143,1
DA:144,1
DA:145,1
DA:147,1
LF:118
LH:78
BRDA:8,0,0,1
BRDA:18,1,0,0
BRDA:69,2,0,0
BRDA:74,3,0,0
BRDA:107,4,0,0
BRDA:115,5,0,0
BRDA:115,6,0,0
BRDA:130,7,0,0
BRF:8
BRH:1
end_of_record
TN:
SF:src\pages\PAPage.tsx
FN:34,TTSPlayer
FN:62,PAPage
FN:74,toggleLang
FN:78,handleSend
FN:92,loadLog
FN:139,onClick
FN:153,onChange
FN:169,onChange
FN:178,onClick
FN:190,onChange
FNF:10
FNH:2
FNDA:0,TTSPlayer
FNDA:4,PAPage
FNDA:0,toggleLang
FNDA:0,handleSend
FNDA:1,loadLog
FNDA:0,onClick
FNDA:0,onChange
FNDA:0,onChange
FNDA:0,onClick
FNDA:0,onChange
DA:1,1
DA:11,1
DA:12,1
DA:13,1
DA:14,1
DA:15,1
DA:16,1
DA:17,1
DA:18,1
DA:19,1
DA:21,1
DA:22,1
DA:23,1
DA:24,1
DA:25,1
DA:26,1
DA:27,1
DA:28,1
DA:30,1
DA:32,1
DA:34,0
DA:35,0
DA:36,0
DA:38,0
DA:39,0
DA:40,0
DA:41,0
DA:42,0
DA:43,0
DA:44,0
DA:45,0
DA:46,0
DA:47,0
DA:48,0
DA:49,0
DA:50,0
DA:51,0
DA:52,0
DA:54,0
DA:55,0
DA:56,0
DA:57,0
DA:58,0
DA:60,0
DA:62,1
DA:63,4
DA:64,4
DA:65,4
DA:66,4
DA:67,4
DA:68,4
DA:69,4
DA:70,4
DA:71,4
DA:72,4
DA:74,4
DA:75,0
DA:76,0
DA:78,4
DA:79,0
DA:80,0
DA:81,0
DA:82,0
DA:83,0
DA:84,0
DA:85,0
DA:86,0
DA:87,0
DA:88,0
DA:89,0
DA:90,0
DA:92,4
DA:93,1
DA:94,1
DA:95,1
DA:96,1
DA:97,1
DA:98,1
DA:99,1
DA:101,4
DA:102,1
DA:103,4
DA:105,4
DA:106,4
DA:107,4
DA:108,4
DA:109,4
DA:111,4
DA:112,4
DA:113,4
DA:114,4
DA:115,4
DA:116,4
DA:117,4
DA:119,4
DA:120,4
DA:121,4
DA:122,4
DA:123,4
DA:125,4
DA:126,4
DA:127,4
DA:128,4
DA:129,4
DA:131,4
DA:133,4
DA:134,4
DA:135,4
DA:136,4
DA:137,4
DA:138,21
DA:139,21
DA:140,21
DA:141,21
DA:142,3
DA:143,18
DA:144,21
DA:145,21
DA:146,4
DA:147,4
DA:148,4
DA:150,4
DA:151,4
DA:152,4
DA:153,4
DA:154,4
DA:155,4
DA:156,4
DA:157,4
DA:158,4
DA:159,4
DA:160,4
DA:161,4
DA:162,4
DA:163,4
DA:164,4
DA:165,4
DA:167,4
DA:168,4
DA:169,4
DA:170,4
DA:171,4
DA:172,4
DA:174,4
DA:175,4
DA:176,4
DA:177,4
DA:178,18
DA:179,18
DA:180,18
DA:181,9
DA:182,9
DA:183,18
DA:184,4
DA:185,4
DA:186,4
DA:188,4
DA:189,4
DA:190,4
DA:191,4
DA:193,4
DA:194,4
DA:195,4
DA:196,4
DA:197,4
DA:199,4
DA:200,4
DA:201,4
DA:202,4
DA:203,4
DA:204,4
DA:206,4
DA:207,0
DA:208,0
DA:209,0
DA:210,0
DA:211,0
DA:212,0
DA:213,0
DA:214,0
DA:215,0
DA:216,0
DA:217,0
DA:218,0
DA:219,0
DA:220,0
DA:221,0
DA:222,0
DA:223,0
DA:224,0
DA:225,0
DA:226,0
DA:228,4
DA:230,4
DA:231,4
DA:232,4
DA:233,4
DA:234,4
DA:235,4
DA:236,4
DA:238,4
DA:239,1
DA:240,1
DA:241,3
DA:242,3
DA:243,3
DA:244,3
DA:245,3
DA:246,3
DA:247,3
DA:248,3
DA:249,3
DA:250,3
DA:251,3
DA:252,3
DA:253,3
DA:254,3
DA:255,3
DA:256,3
DA:257,3
DA:258,1
DA:259,1
DA:261,2
DA:262,2
DA:263,1
DA:264,1
DA:265,1
DA:266,1
DA:269,2
DA:270,2
DA:271,0
DA:272,0
DA:273,0
DA:274,0
DA:275,0
DA:276,0
DA:277,0
DA:278,0
DA:279,0
DA:280,0
DA:281,0
DA:282,0
DA:283,0
DA:284,0
DA:285,0
DA:286,0
DA:287,1
DA:288,2
DA:290,2
DA:291,1
DA:292,1
DA:293,1
DA:295,2
DA:297,4
DA:298,4
DA:299,4
DA:300,4
DA:302,4
LF:258
LH:184
BRDA:32,0,0,0
BRDA:62,1,0,4
BRDA:161,2,0,0
BRDA:161,3,0,3
BRDA:161,4,0,0
BRDA:194,5,0,0
BRDA:194,6,0,3
BRDA:194,7,0,0
BRDA:194,8,0,3
BRDA:195,9,0,0
BRDA:195,10,0,3
BRDA:199,11,0,0
BRDA:199,12,0,3
BRDA:199,13,0,0
BRDA:200,14,0,0
BRDA:200,15,0,3
BRDA:201,16,0,0
BRDA:201,17,0,3
BRDA:206,18,0,0
BRDA:234,19,0,1
BRDA:234,20,0,2
BRDA:234,21,0,0
BRDA:238,22,0,1
BRDA:259,23,0,2
BRDA:262,24,0,1
BRDA:262,25,0,1
BRDA:270,26,0,1
BRDA:290,27,0,1
BRDA:92,28,0,1
BRDA:97,29,0,0
BRDA:101,30,0,1
BRDA:137,31,0,21
BRDA:141,32,0,3
BRDA:142,33,0,18
BRDA:155,34,0,21
BRDA:177,35,0,18
BRDA:180,36,0,9
BRDA:181,37,0,9
BRDA:240,38,0,3
BRF:39
BRH:26
end_of_record
TN:
SF:src\pages\ProfilePage.tsx
FN:6,ProfilePage
FN:12,handleLogout
FN:83,onClick
FNF:3
FNH:1
FNDA:1,ProfilePage
FNDA:0,handleLogout
FNDA:0,onClick
DA:1,1
DA:6,1
DA:7,1
DA:8,1
DA:10,1
DA:12,1
DA:13,0
DA:14,0
DA:15,0
DA:17,1
DA:18,1
DA:20,1
DA:23,1
DA:24,1
DA:25,1
DA:26,1
DA:29,1
DA:30,1
DA:31,1
DA:33,1
DA:34,1
DA:37,1
DA:38,1
DA:39,1
DA:40,1
DA:41,1
DA:42,1
DA:44,1
DA:45,1
DA:47,1
DA:49,1
DA:50,1
DA:51,1
DA:52,1
DA:53,1
DA:54,1
DA:57,1
DA:58,1
DA:59,1
DA:60,1
DA:61,1
DA:62,1
DA:63,1
DA:64,1
DA:65,1
DA:66,1
DA:67,1
DA:68,1
DA:69,1
DA:70,1
DA:71,1
DA:72,1
DA:73,1
DA:74,1
DA:75,1
DA:76,1
DA:77,1
DA:78,1
DA:79,1
DA:82,1
DA:83,1
DA:85,1
DA:86,1
DA:87,1
DA:88,1
DA:89,1
DA:90,1
DA:91,1
DA:92,1
DA:94,1
LF:70
LH:67
BRDA:6,0,0,1
BRDA:10,1,0,0
BRF:2
BRH:1
end_of_record
TN:
SF:src\pages\VolunteerPage.tsx
FN:34,VolunteerPage
FN:40,load
FN:51,handleStatusChange
FN:56,handleTaskStatus
FN:82,onClick
FN:123,onClick
FN:186,VolunteerListView
FN:234,TaskListView
FNF:8
FNH:3
FNDA:3,VolunteerPage
FNDA:1,load
FNDA:0,handleStatusChange
FNDA:0,handleTaskStatus
FNDA:0,onClick
FNDA:0,onClick
FNDA:1,VolunteerListView
FNDA:0,TaskListView
DA:1,1
DA:17,1
DA:18,1
DA:19,1
DA:20,1
DA:21,1
DA:22,1
DA:23,1
DA:24,1
DA:25,1
DA:26,1
DA:27,1
DA:28,1
DA:29,1
DA:30,1
DA:31,1
DA:32,1
DA:34,1
DA:35,3
DA:36,3
DA:37,3
DA:38,3
DA:40,3
DA:41,1
DA:42,1
DA:43,1
DA:44,1
DA:45,1
DA:46,1
DA:47,1
DA:49,3
DA:51,3
DA:52,0
DA:53,0
DA:54,0
DA:56,3
DA:57,0
DA:58,0
DA:59,0
DA:61,3
DA:62,3
DA:63,3
DA:64,3
DA:66,3
DA:67,3
DA:68,3
DA:69,3
DA:70,3
DA:71,3
DA:73,3
DA:74,3
DA:76,3
DA:77,3
DA:78,3
DA:79,3
DA:80,3
DA:81,3
DA:82,3
DA:83,3
DA:84,3
DA:85,3
DA:86,3
DA:89,3
DA:90,1
DA:91,1
DA:92,4
DA:93,4
DA:94,4
DA:95,4
DA:96,1
DA:97,1
DA:98,2
DA:99,2
DA:100,2
DA:101,2
DA:102,2
DA:103,2
DA:104,2
DA:105,2
DA:106,2
DA:107,2
DA:108,2
DA:109,2
DA:110,2
DA:111,2
DA:112,2
DA:113,2
DA:114,2
DA:115,2
DA:116,2
DA:117,0
DA:120,3
DA:121,3
DA:122,6
DA:123,6
DA:124,6
DA:125,6
DA:126,6
DA:127,6
DA:128,6
DA:129,6
DA:130,3
DA:131,3
DA:133,3
DA:134,1
DA:135,1
DA:136,1
DA:137,6
DA:138,6
DA:139,6
DA:140,6
DA:141,6
DA:142,6
DA:143,6
DA:144,6
DA:145,6
DA:146,6
DA:147,6
DA:148,6
DA:149,6
DA:150,6
DA:151,6
DA:152,6
DA:153,1
DA:154,1
DA:156,0
DA:157,0
DA:158,0
DA:159,0
DA:160,0
DA:161,0
DA:162,0
DA:163,0
DA:164,0
DA:165,0
DA:166,0
DA:167,0
DA:168,0
DA:169,0
DA:170,0
DA:171,0
DA:173,2
DA:174,0
DA:175,2
DA:176,2
DA:178,0
DA:180,3
DA:181,3
DA:182,3
DA:184,3
DA:186,1
DA:187,1
DA:188,1
DA:189,1
DA:190,1
DA:191,1
DA:192,1
DA:193,1
DA:195,1
DA:196,0
DA:197,0
DA:198,0
DA:199,0
DA:200,0
DA:201,0
DA:202,0
DA:203,0
DA:204,0
DA:205,0
DA:206,0
DA:207,0
DA:208,0
DA:209,0
DA:210,0
DA:211,0
DA:212,0
DA:213,0
DA:214,0
DA:215,0
DA:216,0
DA:218,0
DA:219,0
DA:221,0
DA:222,0
DA:224,0
DA:225,0
DA:227,0
DA:228,0
DA:229,0
DA:230,0
DA:232,0
DA:234,0
DA:235,0
DA:236,0
DA:237,0
DA:238,0
DA:239,0
DA:240,0
DA:241,0
DA:243,0
DA:244,0
DA:245,0
DA:246,0
DA:247,0
DA:248,0
DA:249,0
DA:250,0
DA:251,0
DA:252,0
DA:253,0
DA:254,0
DA:255,0
DA:256,0
DA:257,0
DA:258,0
DA:259,0
DA:260,0
DA:261,0
DA:263,0
DA:264,0
DA:265,0
DA:266,0
DA:268,0
DA:269,0
DA:270,0
DA:271,0
DA:273,0
LF:227
LH:134
BRDA:34,0,0,3
BRDA:80,1,0,1
BRDA:80,2,0,2
BRDA:89,3,0,1
BRDA:97,4,0,2
BRDA:116,5,0,0
BRDA:133,6,0,1
BRDA:154,7,0,0
BRDA:171,8,0,2
BRDA:173,9,0,0
BRDA:176,10,0,0
BRDA:40,11,0,1
BRDA:45,12,0,0
BRDA:49,13,0,1
BRDA:91,14,0,4
BRDA:121,15,0,6
BRDA:127,16,0,3
BRDA:127,17,0,3
BRDA:136,18,0,6
BRDA:186,19,0,1
BRDA:195,20,0,0
BRF:21
BRH:15
end_of_record
TN:
SF:src\pages\VolunteerRegisterPage.tsx
FN:19,VolunteerRegisterPage
FN:28,handleSubmit
FN:43,onClick
FN:59,onChange
FN:74,onClick
FN:76,onChange
FN:88,onChange
FN:101,onChange
FN:108,onChange
FNF:9
FNH:1
FNDA:1,VolunteerRegisterPage
FNDA:0,handleSubmit
FNDA:0,onClick
FNDA:0,onChange
FNDA:0,onClick
FNDA:0,onChange
FNDA:0,onChange
FNDA:0,onChange
FNDA:0,onChange
DA:1,1
DA:11,1
DA:12,1
DA:13,1
DA:14,1
DA:15,1
DA:16,1
DA:17,1
DA:19,1
DA:20,1
DA:21,1
DA:22,1
DA:23,1
DA:24,1
DA:25,1
DA:26,1
DA:28,1
DA:29,0
DA:30,0
DA:31,0
DA:32,0
DA:33,0
DA:34,0
DA:35,0
DA:36,0
DA:37,0
DA:39,1
DA:40,1
DA:41,1
DA:42,1
DA:43,1
DA:44,1
DA:45,1
DA:47,1
DA:48,1
DA:49,1
DA:50,1
DA:52,1
DA:53,1
DA:55,1
DA:56,1
DA:57,1
DA:58,1
DA:59,1
DA:60,1
DA:61,1
DA:62,1
DA:64,1
DA:65,1
DA:66,1
DA:67,1
DA:68,5
DA:69,5
DA:70,5
DA:71,1
DA:72,4
DA:73,5
DA:74,5
DA:76,5
DA:77,5
DA:78,5
DA:79,5
DA:80,5
DA:81,5
DA:82,1
DA:83,1
DA:84,1
DA:86,1
DA:87,1
DA:88,1
DA:89,1
DA:90,1
DA:91,1
DA:92,1
DA:93,1
DA:94,1
DA:95,1
DA:96,1
DA:97,1
DA:99,1
DA:100,1
DA:101,1
DA:102,1
DA:103,1
DA:104,1
DA:106,1
DA:107,1
DA:108,1
DA:109,1
DA:110,1
DA:111,1
DA:113,1
DA:114,1
DA:115,1
DA:116,1
DA:117,1
DA:118,1
DA:119,1
DA:120,1
DA:122,1
LF:100
LH:91
BRDA:19,0,0,1
BRDA:113,1,0,0
BRDA:114,2,0,0
BRDA:67,3,0,5
BRDA:70,4,0,1
BRDA:71,5,0,4
BRF:6
BRH:4
end_of_record
TN:
SF:src\pages\WayfindingPage.tsx
FN:22,WayfindingPage
FN:31,handleSearch
FN:84,onChange
FN:95,onChange
FN:105,onClick
FN:115,onClick
FNF:6
FNH:1
FNDA:1,WayfindingPage
FNDA:0,handleSearch
FNDA:0,onChange
FNDA:0,onChange
FNDA:0,onClick
FNDA:0,onClick
DA:1,1
DA:13,1
DA:14,1
DA:15,1
DA:16,1
DA:17,1
DA:18,1
DA:19,1
DA:20,1
DA:22,1
DA:23,1
DA:24,1
DA:25,1
DA:26,1
DA:27,1
DA:28,1
DA:29,1
DA:31,1
DA:32,0
DA:33,0
DA:34,0
DA:35,0
DA:36,0
DA:37,0
DA:38,0
DA:39,0
DA:40,0
DA:41,0
DA:42,0
DA:43,0
DA:44,0
DA:45,0
DA:46,0
DA:48,1
DA:49,1
DA:51,1
DA:54,1
DA:57,1
DA:59,1
DA:61,1
DA:62,1
DA:63,1
DA:64,1
DA:65,1
DA:67,1
DA:68,1
DA:69,1
DA:71,1
DA:73,1
DA:74,1
DA:75,1
DA:76,1
DA:78,1
DA:79,1
DA:80,1
DA:81,1
DA:82,1
DA:83,1
DA:84,1
DA:85,1
DA:87,1
DA:88,1
DA:89,1
DA:90,1
DA:91,1
DA:92,1
DA:93,1
DA:94,1
DA:95,1
DA:96,1
DA:98,1
DA:99,1
DA:100,1
DA:101,1
DA:103,1
DA:104,1
DA:105,1
DA:106,1
DA:107,1
DA:108,0
DA:109,1
DA:110,1
DA:112,1
DA:113,1
DA:114,1
DA:115,1
DA:116,1
DA:117,1
DA:118,0
DA:119,1
DA:120,1
DA:121,1
DA:123,1
DA:124,1
DA:126,1
DA:127,1
DA:129,1
DA:130,1
DA:131,1
DA:133,1
DA:134,0
DA:135,0
DA:136,0
DA:137,0
DA:138,0
DA:139,0
DA:140,0
DA:141,0
DA:142,0
DA:143,1
DA:144,0
DA:145,0
DA:147,0
DA:148,0
DA:149,0
DA:150,0
DA:151,0
DA:152,0
DA:153,0
DA:154,0
DA:155,0
DA:156,0
DA:157,0
DA:158,0
DA:159,0
DA:160,0
DA:161,0
DA:162,0
DA:163,0
DA:164,0
DA:165,0
DA:166,0
DA:167,0
DA:168,0
DA:169,1
DA:170,1
DA:173,1
DA:174,1
DA:175,0
DA:176,0
DA:177,0
DA:180,1
DA:181,1
DA:182,1
DA:183,1
DA:184,1
DA:186,1
DA:187,1
DA:190,1
DA:191,0
DA:192,0
DA:193,0
DA:194,0
DA:195,0
DA:196,0
DA:198,0
DA:199,0
DA:200,0
DA:201,0
DA:202,0
DA:203,0
DA:204,0
DA:205,0
DA:206,0
DA:207,0
DA:208,0
DA:209,0
DA:210,0
DA:211,0
DA:212,0
DA:213,0
DA:216,1
DA:217,0
DA:218,0
DA:219,0
DA:220,0
DA:221,0
DA:222,0
DA:224,0
DA:225,0
DA:226,0
DA:227,0
DA:228,0
DA:229,0
DA:230,0
DA:231,0
DA:232,0
DA:233,0
DA:234,0
DA:236,0
DA:237,0
DA:239,0
DA:240,0
DA:242,0
DA:243,0
DA:244,0
DA:245,0
DA:246,0
DA:247,0
DA:249,0
DA:250,0
DA:251,0
DA:252,0
DA:254,0
DA:255,0
DA:256,0
DA:257,0
DA:260,0
DA:261,0
DA:262,0
DA:263,0
DA:265,0
DA:267,1
DA:268,1
DA:269,1
DA:270,1
DA:272,1
LF:217
LH:102
BRDA:22,0,0,1
BRDA:107,1,0,0
BRDA:117,2,0,0
BRDA:126,3,0,0
BRDA:126,4,0,0
BRDA:127,5,0,0
BRDA:133,6,0,0
BRDA:143,7,0,0
BRDA:174,8,0,0
BRDA:190,9,0,0
BRDA:216,10,0,0
BRDA:88,11,0,6
BRDA:99,12,0,6
BRF:13
BRH:3
end_of_record
TN:
SF:src\services\analytics.ts
FN:42,fetchPostMatchAnalytics
FNF:1
FNH:1
FNDA:1,fetchPostMatchAnalytics
DA:1,1
DA:42,1
DA:43,1
LF:3
LH:3
BRDA:42,0,0,1
BRF:1
BRH:1
end_of_record
TN:
SF:src\services\crowdDensity.ts
FN:4,fetchCrowdDensity
FNF:1
FNH:1
FNDA:2,fetchCrowdDensity
DA:1,1
DA:4,1
LF:2
LH:2
BRDA:4,0,0,2
BRF:1
BRH:1
end_of_record
TN:
SF:src\services\incidents.ts
FN:4,fetchIncidents
FN:6,reportIncident
FNF:2
FNH:2
FNDA:2,fetchIncidents
FNDA:1,reportIncident
DA:1,1
DA:4,1
DA:6,1
DA:7,1
DA:8,1
DA:9,1
DA:10,1
LF:7
LH:7
BRDA:4,0,0,2
BRDA:6,1,0,1
BRF:2
BRH:2
end_of_record
TN:
SF:src\services\navigation.ts
FN:26,fetchVenueMap
FN:28,fetchRoute
FNF:2
FNH:2
FNDA:2,fetchVenueMap
FNDA:2,fetchRoute
DA:1,1
DA:26,1
DA:28,1
DA:29,2
DA:30,2
DA:31,2
DA:32,2
LF:7
LH:7
BRDA:26,0,0,2
BRDA:28,1,0,2
BRF:2
BRH:2
end_of_record
TN:
SF:src\services\pa.ts
FN:45,createPAAnnouncement
FN:51,fetchPALog
FNF:2
FNH:2
FNDA:1,createPAAnnouncement
FNDA:1,fetchPALog
DA:1,1
DA:45,1
DA:46,1
DA:47,1
DA:48,1
DA:49,1
DA:51,1
DA:52,1
LF:8
LH:8
BRDA:45,0,0,1
BRDA:51,1,0,1
BRF:2
BRH:2
end_of_record
TN:
SF:src\services\recommendations.ts
FN:4,fetchRecommendations
FNF:1
FNH:1
FNDA:2,fetchRecommendations
DA:1,1
DA:4,1
LF:2
LH:2
BRDA:4,0,0,2
BRF:1
BRH:1
end_of_record
TN:
SF:src\services\sustainability.ts
FN:9,fetchStations
FN:11,fetchTip
FNF:2
FNH:2
FNDA:2,fetchStations
FNDA:2,fetchTip
DA:1,1
DA:9,1
DA:11,1
LF:3
LH:3
BRDA:9,0,0,2
BRDA:11,1,0,2
BRF:2
BRH:2
end_of_record
TN:
SF:src\services\transport.ts
FN:17,fetchTransportStatus
FNF:1
FNH:1
FNDA:2,fetchTransportStatus
DA:1,1
DA:17,1
DA:18,2
LF:3
LH:3
BRDA:17,0,0,2
BRF:1
BRH:1
end_of_record
TN:
SF:src\services\volunteer.ts
FN:37,fetchVolunteerDashboard
FN:40,fetchVolunteers
FN:43,createVolunteer
FN:46,updateVolunteerStatus
FN:49,fetchTasks
FN:52,updateTask
FNF:6
FNH:6
FNDA:1,fetchVolunteerDashboard
FNDA:2,fetchVolunteers
FNDA:1,createVolunteer
FNDA:1,updateVolunteerStatus
FNDA:1,fetchTasks
FNDA:1,updateTask
DA:1,1
DA:37,1
DA:38,1
DA:40,1
DA:41,2
DA:43,1
DA:44,1
DA:46,1
DA:47,1
DA:49,1
DA:50,1
DA:52,1
DA:53,1
LF:13
LH:13
BRDA:37,0,0,1
BRDA:40,1,0,2
BRDA:41,2,0,1
BRDA:41,3,0,1
BRDA:43,4,0,1
BRDA:46,5,0,1
BRDA:49,6,0,1
BRDA:50,7,0,0
BRDA:52,8,0,1
BRF:9
BRH:8
end_of_record
TN:
SF:src\services\waitTimes.ts
FN:29,fetchWaitTimes
FNF:1
FNH:1
FNDA:1,fetchWaitTimes
DA:1,1
DA:29,1
DA:30,1
DA:31,1
DA:32,1
DA:33,1
LF:6
LH:6
BRDA:29,0,0,1
BRF:1
BRH:1
end_of_record
TN:
SF:src\services\wayfinding.ts
FN:31,fetchWayfinding
FNF:1
FNH:1
FNDA:1,fetchWayfinding
DA:1,1
DA:31,1
DA:32,1
DA:33,1
DA:34,1
DA:35,1
LF:6
LH:6
BRDA:31,0,0,1
BRF:1
BRH:1
end_of_record
